#station,id:	RT-32 ir
#exp_name:	atlas_r_f1666_ir_1
#source:	horizons_atlas
#RA,DEC:	00h00m00.00s 00d00m00.0s
#N_scans,N_cal:	240 1
#T_int,T_obs:	15.000 14400.000
#Fs,Ns,RBW:	6.250000 4096 0.001526
#win,fov,raw_flag: 2 1 1
#df_div,df:	32.000000 0.195312
#cal_sequence:	['s0', 's1', 'r1', 'r0']
#v_obs,v_rad,f_lab: 0.000000 -5.738309 1666.400000
#f_obs,LO,IF:	1666.431896 1350.000000 316.431896
#Tcal:		6.300000 5.000000
#DPFU:		0.097100 0.097500
#Elev_poly:	0.9165642737 0.003371523 -3.415e-05
2020-04-08T11:30:19 rxl/xs/LO=1350000000;PLL_lck=1;NS=0;BD=0;AT=64,64;LNA_curr=538,526;PCB_tmp=283
2020-04-08T11:30:19 wx/8,1030,71,4.72,230
2020-04-08T11:30:19 1 s0 41.806864 56.434953
2020-04-08T11:30:36 1 s1 41.824345 56.459928
2020-04-08T11:30:52 1 r1 41.842935 56.487216
2020-04-08T11:31:09 1 r0 41.858831 56.515955
2020-04-08T11:31:26 wx/8,1030,71,4.72,230
2020-04-08T11:31:26 2 s0 41.878002 56.541581
2020-04-08T11:31:43 2 s1 41.895643 56.564815
2020-04-08T11:31:59 2 r1 41.914583 56.592191
2020-04-08T11:32:17 2 r0 41.930906 56.620201
2020-04-08T11:32:34 wx/8,1030,71,4.72,230
2020-04-08T11:32:34 3 s0 41.946086 56.641218
2020-04-08T11:32:50 3 s1 41.962922 56.667168
2020-04-08T11:33:08 3 r1 41.978815 56.691387
2020-04-08T11:33:24 3 r0 41.996097 56.719763
2020-04-08T11:33:40 wx/8,1030,71,4.72,230
2020-04-08T11:33:40 4 s0 42.012295 56.745269
2020-04-08T11:33:57 4 s1 42.028344 56.768629
2020-04-08T11:34:14 4 r1 42.046302 56.791306
2020-04-08T11:34:31 4 r0 42.063677 56.824735
2020-04-08T11:34:49 wx/8,1030,71,4.72,230
2020-04-08T11:34:49 5 s0 42.080741 56.844195
2020-04-08T11:35:05 5 s1 42.098812 56.872123
2020-04-08T11:35:23 5 r1 42.115014 56.894451
2020-04-08T11:35:40 5 r0 42.130494 56.925535
2020-04-08T11:35:56 wx/8,1030,71,4.72,230
2020-04-08T11:35:56 6 s0 42.147508 56.947906
2020-04-08T11:36:15 6 s1 42.164062 56.974524
2020-04-08T11:36:31 6 r1 42.178992 57.003373
2020-04-08T11:36:48 6 r0 42.196770 57.028654
2020-04-08T11:37:05 wx/8,1030,71,4.72,230
2020-04-08T11:37:05 7 s0 42.214175 57.053787
2020-04-08T11:37:22 7 s1 42.230873 57.077934
2020-04-08T11:37:38 7 r1 42.247080 57.104091
2020-04-08T11:37:56 7 r0 42.262925 57.128161
2020-04-08T11:38:12 wx/8,1030,71,4.72,230
2020-04-08T11:38:12 8 s0 42.278526 57.150667
2020-04-08T11:38:29 8 s1 42.295637 57.177368
2020-04-08T11:38:46 8 r1 42.312631 57.205954
2020-04-08T11:39:03 8 r0 42.327833 57.232555
2020-04-08T11:39:20 wx/8,1030,71,4.72,230
2020-04-08T11:39:20 9 s0 42.342974 57.257026
2020-04-08T11:39:37 9 s1 42.361497 57.281968
2020-04-08T11:39:53 9 r1 42.375587 57.306485
2020-04-08T11:40:10 9 r0 42.391680 57.334089
2020-04-08T11:40:28 wx/8,1030,71,4.72,230
2020-04-08T11:40:28 10 s0 42.406079 57.359820
2020-04-08T11:40:45 10 s1 42.424614 57.386204
2020-04-08T11:41:02 10 r1 42.441057 57.412604
2020-04-08T11:41:19 10 r0 42.456617 57.441565
2020-04-08T11:41:36 wx/8,1030,71,4.72,230
2020-04-08T11:41:36 11 s0 42.474240 57.464471
2020-04-08T11:41:53 11 s1 42.488402 57.488429
2020-04-08T11:42:10 11 r1 42.506185 57.516826
2020-04-08T11:42:27 11 r0 42.520015 57.548913
2020-04-08T11:42:45 wx/8,1030,71,4.72,230
2020-04-08T11:42:45 12 s0 42.536364 57.566620
2020-04-08T11:43:02 12 s1 42.556127 57.593222
2020-04-08T11:43:21 12 r1 42.569162 57.626102
2020-04-08T11:43:38 12 r0 42.583671 57.643039
2020-04-08T11:43:56 wx/8,1030,71,4.72,230
2020-04-08T11:43:56 13 s0 42.603517 57.676900
2020-04-08T11:44:13 13 s1 42.618719 57.705848
2020-04-08T11:44:31 13 r1 42.639479 57.727606
2020-04-08T11:44:49 13 r0 42.651815 57.758148
2020-04-08T11:45:07 wx/8,1030,71,4.72,230
2020-04-08T11:45:07 14 s0 42.670430 57.779889
2020-04-08T11:45:25 14 s1 42.682168 57.805726
2020-04-08T11:45:42 14 r1 42.702325 57.835318
2020-04-08T11:45:59 14 r0 42.715276 57.865728
2020-04-08T11:46:16 wx/8,1030,71,4.72,230
2020-04-08T11:46:16 15 s0 42.732605 57.888927
2020-04-08T11:46:34 15 s1 42.750646 57.917227
2020-04-08T11:46:53 15 r1 42.765730 57.944819
2020-04-08T11:47:12 15 r0 42.783544 57.980797
2020-04-08T11:47:29 wx/8,1030,71,4.72,230
2020-04-08T11:47:29 16 s0 42.798272 58.002032
2020-04-08T11:47:47 16 s1 42.814313 58.028476
2020-04-08T11:48:05 16 r1 42.830257 58.057398
2020-04-08T11:48:22 16 r0 42.845235 58.081319
2020-04-08T11:48:41 wx/8,1030,71,4.72,230
2020-04-08T11:48:41 17 s0 42.862742 58.110360
2020-04-08T11:48:58 17 s1 42.877750 58.138176
2020-04-08T11:49:16 17 r1 42.895033 58.168772
2020-04-08T11:49:34 17 r0 42.909319 58.194512
2020-04-08T11:49:51 wx/8,1030,71,4.72,230
2020-04-08T11:49:51 18 s0 42.926220 58.220825
2020-04-08T11:50:09 18 s1 42.940821 58.246916
2020-04-08T11:50:28 18 r1 42.957969 58.275987
2020-04-08T11:50:46 18 r0 42.974292 58.302537
2020-04-08T11:51:04 wx/8,1030,71,4.72,230
2020-04-08T11:51:04 19 s0 42.990244 58.328952
2020-04-08T11:51:22 19 s1 43.003635 58.357403
2020-04-08T11:51:39 19 r1 43.019472 58.386394
2020-04-08T11:51:57 19 r0 43.035876 58.412783
2020-04-08T11:52:15 wx/8,1030,71,4.72,230
2020-04-08T11:52:15 20 s0 43.049573 58.436138
2020-04-08T11:52:33 20 s1 43.067087 58.464910
2020-04-08T11:52:52 20 r1 43.084716 58.495686
2020-04-08T11:53:10 20 r0 43.098819 58.524210
2020-04-08T11:53:27 wx/8,1030,71,4.72,230
2020-04-08T11:53:27 21 s0 43.113879 58.551003
2020-04-08T11:53:44 21 s1 43.127825 58.576166
2020-04-08T11:54:03 21 r1 43.143925 58.609380
2020-04-08T11:54:21 21 r0 43.160983 58.633769
2020-04-08T11:54:38 wx/8,1030,71,4.72,230
2020-04-08T11:54:38 22 s0 43.175853 58.660770
2020-04-08T11:54:56 22 s1 43.190363 58.689424
2020-04-08T11:55:12 22 r1 43.204048 58.715664
2020-04-08T11:55:31 22 r0 43.217891 58.744549
2020-04-08T11:55:50 wx/8,1030,71,4.72,230
2020-04-08T11:55:50 23 s0 43.234289 58.772702
2020-04-08T11:56:10 23 s1 43.251821 58.798834
2020-04-08T11:56:29 23 r1 43.266675 58.832480
2020-04-08T11:56:47 23 r0 43.284398 58.859901
2020-04-08T11:57:07 wx/8,1030,71,4.72,230
2020-04-08T11:57:07 24 s0 43.298525 58.891143
2020-04-08T11:57:25 24 s1 43.314617 58.917052
2020-04-08T11:57:46 24 r1 43.332149 58.948510
2020-04-08T11:58:05 24 r0 43.348812 58.977561
2020-04-08T11:58:24 wx/8,1030,71,4.72,230
2020-04-08T11:58:24 25 s0 43.362448 59.008402
2020-04-08T11:58:43 25 s1 43.377836 59.037747
2020-04-08T11:59:02 25 r1 43.393314 59.068242
2020-04-08T11:59:21 25 r0 43.409575 59.095121
2020-04-08T11:59:39 wx/8,1030,71,4.72,230
2020-04-08T11:59:39 26 s0 43.424238 59.124197
2020-04-08T11:59:57 26 s1 43.438864 59.153508
2020-04-08T12:00:15 26 r1 43.451606 59.177391
2020-04-08T12:00:33 26 r0 43.466792 59.208581
2020-04-08T12:00:50 wx/8,1030,71,4.72,230
2020-04-08T12:00:50 27 s0 43.480691 59.233885
2020-04-08T12:01:09 27 s1 43.496558 59.263160
2020-04-08T12:01:27 27 r1 43.510176 59.291400
2020-04-08T12:01:44 27 r0 43.524245 59.317828
2020-04-08T12:02:02 wx/8,1030,71,4.72,230
2020-04-08T12:02:02 28 s0 43.538458 59.346457
2020-04-08T12:02:20 28 s1 43.553420 59.375525
2020-04-08T12:02:39 28 r1 43.566786 59.405292
2020-04-08T12:02:57 28 r0 43.581860 59.432134
2020-04-08T12:03:17 wx/8,1030,71,4.72,230
2020-04-08T12:03:17 29 s0 43.597435 59.463059
2020-04-08T12:03:38 29 s1 43.613922 59.495228
2020-04-08T12:03:54 29 r1 43.626551 59.521207
2020-04-08T12:04:11 29 r0 43.640003 59.546826
2020-04-08T12:04:29 wx/8,1029,70,5.28,230
2020-04-08T12:04:29 30 s0 43.653838 59.573725
2020-04-08T12:04:45 30 s1 43.666718 59.599674
2020-04-08T12:05:02 30 r1 43.680151 59.623783
2020-04-08T12:05:19 30 r0 43.692204 59.652943
2020-04-08T12:05:36 wx/8,1029,70,5.28,230
2020-04-08T12:05:36 31 s0 43.706672 59.679239
2020-04-08T12:05:54 31 s1 43.717010 59.702679
2020-04-08T12:06:10 31 r1 43.729991 59.731685
2020-04-08T12:06:26 31 r0 43.742279 59.756366
2020-04-08T12:06:43 wx/8,1029,70,5.28,230
2020-04-08T12:06:43 32 s0 43.756555 59.783142
2020-04-08T12:07:00 32 s1 43.767094 59.810766
2020-04-08T12:07:16 32 r1 43.780921 59.834214
2020-04-08T12:07:33 32 r0 43.792971 59.861477
2020-04-08T12:07:50 wx/8,1029,70,5.28,230
2020-04-08T12:07:50 33 s0 43.805053 59.886537
2020-04-08T12:08:08 33 s1 43.818769 59.912574
2020-04-08T12:08:25 33 r1 43.832554 59.943143
2020-04-08T12:08:41 33 r0 43.843601 59.965855
2020-04-08T12:08:58 wx/8,1029,70,5.28,230
2020-04-08T12:08:58 34 s0 43.856349 59.990209
2020-04-08T12:09:15 34 s1 43.869395 60.022484
2020-04-08T12:09:32 34 r1 43.881001 60.045600
2020-04-08T12:09:49 34 r0 43.895708 60.072561
2020-04-08T12:10:06 wx/8,1029,70,5.28,230
2020-04-08T12:10:06 35 s0 43.904274 60.101418
2020-04-08T12:10:23 35 s1 43.918948 60.126647
2020-04-08T12:10:40 35 r1 43.929054 60.152714
2020-04-08T12:10:57 35 r0 43.942632 60.180153
2020-04-08T12:11:14 wx/8,1029,70,5.28,230
2020-04-08T12:11:14 36 s0 43.955725 60.204679
2020-04-08T12:11:32 36 s1 43.966851 60.231365
2020-04-08T12:11:49 36 r1 43.980100 60.259330
2020-04-08T12:12:06 36 r0 43.990956 60.285530
2020-04-08T12:12:22 wx/8,1029,70,5.28,230
2020-04-08T12:12:22 37 s0 44.003959 60.311567
2020-04-08T12:12:39 37 s1 44.014402 60.339678
2020-04-08T12:12:56 37 r1 44.026846 60.364475
2020-04-08T12:13:14 37 r0 44.038492 60.392369
2020-04-08T12:13:30 wx/8,1029,70,5.28,230
2020-04-08T12:13:30 38 s0 44.050215 60.418413
2020-04-08T12:13:47 38 s1 44.062443 60.444313
2020-04-08T12:14:04 38 r1 44.073581 60.468454
2020-04-08T12:14:21 38 r0 44.086860 60.499270
2020-04-08T12:14:38 wx/8,1029,70,5.28,230
2020-04-08T12:14:38 39 s0 44.098392 60.524599
2020-04-08T12:14:56 39 s1 44.108760 60.551936
2020-04-08T12:15:13 39 r1 44.120173 60.577690
2020-04-08T12:15:30 39 r0 44.131682 60.606569
2020-04-08T12:15:49 wx/8,1029,70,5.28,230
2020-04-08T12:15:49 40 s0 44.146498 60.636411
2020-04-08T12:16:06 40 s1 44.157379 60.663343
2020-04-08T12:16:24 40 r1 44.168582 60.689519
2020-04-08T12:16:41 40 r0 44.183599 60.721047
2020-04-08T12:16:59 wx/8,1029,70,5.28,230
2020-04-08T12:16:59 41 s0 44.191506 60.743580
2020-04-08T12:17:16 41 s1 44.204093 60.772784
2020-04-08T12:17:34 41 r1 44.219782 60.811278
2020-04-08T12:17:52 41 r0 44.226906 60.831371
2020-04-08T12:18:08 wx/8,1029,70,5.28,230
2020-04-08T12:18:36 42 s0 44.255412 60.890605
2020-04-08T12:18:53 42 s1 44.267459 60.925858
2020-04-08T12:19:09 42 r1 44.279036 60.942748
2020-04-08T12:19:25 42 r0 44.285956 60.974842
2020-04-08T12:19:42 wx/8,1029,70,5.28,230
2020-04-08T12:19:42 43 s0 44.297499 60.996107
2020-04-08T12:19:59 43 s1 44.309925 61.026156
2020-04-08T12:20:16 43 r1 44.319827 61.054019
2020-04-08T12:20:33 43 r0 44.333208 61.080417
2020-04-08T12:20:50 wx/8,1029,70,5.28,230
2020-04-08T12:20:50 44 s0 44.341498 61.106934
2020-04-08T12:21:07 44 s1 44.352054 61.132289
2020-04-08T12:21:24 44 r1 44.359879 61.162162
2020-04-08T12:21:41 44 r0 44.374344 61.188600
2020-04-08T12:21:58 wx/8,1029,70,5.28,230
2020-04-08T12:21:58 45 s0 44.383304 61.216853
2020-04-08T12:22:18 45 s1 44.396049 61.245909
2020-04-08T12:22:39 45 r1 44.408111 61.279448
2020-04-08T12:23:00 45 r0 44.420169 61.305951
2020-04-08T12:23:22 wx/8,1029,70,5.28,230
2020-04-08T12:23:22 46 s0 44.435612 61.345334
2020-04-08T12:23:45 46 s1 44.450610 61.383214
2020-04-08T12:24:06 46 r1 44.460203 61.418018
2020-04-08T12:24:27 46 r0 44.475654 61.452453
2020-04-08T12:24:51 wx/8,1029,70,5.28,230
2020-04-08T12:24:51 47 s0 44.488368 61.484290
2020-04-08T12:25:12 47 s1 44.502314 61.516256
2020-04-08T12:25:30 47 r1 44.511204 61.547301
2020-04-08T12:25:48 47 r0 44.520984 61.578766
2020-04-08T12:26:06 wx/8,1029,70,5.28,230
2020-04-08T12:26:06 48 s0 44.532248 61.604978
2020-04-08T12:26:26 48 s1 44.543990 61.635952
2020-04-08T12:26:46 48 r1 44.556497 61.668486
2020-04-08T12:27:07 48 r0 44.568389 61.700387
2020-04-08T12:27:28 wx/8,1029,70,5.28,230
2020-04-08T12:27:28 49 s0 44.577455 61.730892
2020-04-08T12:27:50 49 s1 44.589582 61.773640
2020-04-08T12:28:10 49 r1 44.603215 61.805537
2020-04-08T12:28:31 49 r0 44.612974 61.836075
2020-04-08T12:28:52 wx/8,1029,70,5.28,230
2020-04-08T12:28:52 50 s0 44.623484 61.868626
2020-04-08T12:29:13 50 s1 44.637452 61.901436
2020-04-08T12:29:34 50 r1 44.648269 61.933663
2020-04-08T12:29:56 50 r0 44.660950 61.966540
2020-04-08T12:30:19 wx/8,1029,70,5.28,230
2020-04-08T12:30:19 51 s0 44.672143 62.007632
2020-04-08T12:30:39 51 s1 44.684491 62.039005
2020-04-08T12:31:01 51 r1 44.694304 62.072656
2020-04-08T12:31:26 51 r0 44.706955 62.109856
2020-04-08T12:31:51 wx/8,1029,70,5.28,230
2020-04-08T12:31:51 52 s0 44.720513 62.149876
2020-04-08T12:32:16 52 s1 44.732186 62.190545
2020-04-08T12:32:41 52 r1 44.746185 62.230385
2020-04-08T12:33:04 52 r0 44.758059 62.269470
2020-04-08T12:33:23 wx/8,1029,70,5.28,230
2020-04-08T12:33:23 53 s0 44.766809 62.296969
2020-04-08T12:33:45 53 s1 44.779497 62.331934
2020-04-08T12:34:08 53 r1 44.790530 62.367596
2020-04-08T12:34:30 53 r0 44.800926 62.403897
2020-04-08T12:34:52 wx/8,1029,70,5.28,230
2020-04-08T12:34:52 54 s0 44.811280 62.439324
2020-04-08T12:35:11 54 s1 44.822799 62.465167
2020-04-08T12:35:33 54 r1 44.829945 62.504713
2020-04-08T12:35:58 54 r0 44.842471 62.542231
2020-04-08T12:36:20 wx/8,1029,70,5.28,230
2020-04-08T12:36:20 55 s0 44.854139 62.576966
2020-04-08T12:36:41 55 s1 44.863510 62.610275
2020-04-08T12:37:03 55 r1 44.874302 62.646468
2020-04-08T12:37:25 55 r0 44.883935 62.682055
2020-04-08T12:37:47 wx/8,1029,70,5.28,230
2020-04-08T12:37:47 56 s0 44.894780 62.715932
2020-04-08T12:38:09 56 s1 44.904759 62.751090
2020-04-08T12:38:32 56 r1 44.914564 62.786944
2020-04-08T12:38:56 56 r0 44.926090 62.827199
2020-04-08T12:39:18 wx/8,1029,70,5.28,230
2020-04-08T12:39:18 57 s0 44.935318 62.861371
2020-04-08T12:39:41 57 s1 44.944389 62.896461
2020-04-08T12:40:03 57 r1 44.954824 62.930725
2020-04-08T12:40:21 57 r0 44.961670 62.959559
2020-04-08T12:40:44 wx/8,1029,70,5.28,230
2020-04-08T12:40:44 58 s0 44.970807 63.000749
2020-04-08T12:41:04 58 s1 44.980883 63.027324
2020-04-08T12:41:25 58 r1 44.989263 63.062927
2020-04-08T12:41:47 58 r0 44.996628 63.094172
2020-04-08T12:42:12 wx/8,1029,70,5.28,230
2020-04-08T12:42:12 59 s0 45.005962 63.137170
2020-04-08T12:42:32 59 s1 45.015936 63.167638
2020-04-08T12:42:54 59 r1 45.023661 63.204453
2020-04-08T12:43:15 59 r0 45.034714 63.241472
2020-04-08T12:43:37 wx/8,1029,70,5.28,230
2020-04-08T12:43:37 60 s0 45.040719 63.272852
2020-04-08T12:43:58 60 s1 45.049208 63.306617
2020-04-08T12:44:19 60 r1 45.057602 63.339525
2020-04-08T12:44:39 60 r0 45.064682 63.372508
2020-04-08T12:44:58 wx/8,1029,70,5.28,230
2020-04-08T12:44:58 61 s0 45.072053 63.402447
2020-04-08T12:45:16 61 s1 45.077132 63.428050
2020-04-08T12:45:32 61 r1 45.085485 63.455512
2020-04-08T12:45:49 61 r0 45.091328 63.483017
2020-04-08T12:46:07 wx/8,1029,70,5.28,230
2020-04-08T12:46:07 62 s0 45.096252 63.510393
2020-04-08T12:46:24 62 s1 45.102951 63.538319
2020-04-08T12:46:41 62 r1 45.108790 63.559919
2020-04-08T12:46:58 62 r0 45.114423 63.591086
2020-04-08T12:47:15 wx/8,1029,70,5.28,230
2020-04-08T12:47:15 63 s0 45.121534 63.621432
2020-04-08T12:47:32 63 s1 45.126251 63.644650
2020-04-08T12:47:49 63 r1 45.131412 63.674968
2020-04-08T12:48:05 63 r0 45.139174 63.704552
2020-04-08T12:48:23 wx/8,1029,70,5.28,230
2020-04-08T12:48:23 64 s0 45.146826 63.722930
2020-04-08T12:48:40 64 s1 45.148301 63.753871
2020-04-08T12:48:56 64 r1 45.152630 63.779916
2020-04-08T12:49:13 64 r0 45.158997 63.807311
2020-04-08T12:49:29 wx/8,1029,70,5.28,230
2020-04-08T12:49:29 65 s0 45.165849 63.836379
2020-04-08T12:49:46 65 s1 45.167999 63.860312
2020-04-08T12:50:03 65 r1 45.177985 63.888404
2020-04-08T12:50:20 65 r0 45.180517 63.919463
2020-04-08T12:50:37 wx/8,1029,70,5.28,230
2020-04-08T12:50:37 66 s0 45.184064 63.943344
2020-04-08T12:50:54 66 s1 45.192000 63.965816
2020-04-08T12:51:11 66 r1 45.198032 63.997553
2020-04-08T12:51:27 66 r0 45.199783 64.022251
2020-04-08T12:51:44 wx/8,1029,70,5.28,230
2020-04-08T12:51:44 67 s0 45.204320 64.049645
2020-04-08T12:52:01 67 s1 45.211021 64.074497
2020-04-08T12:52:18 67 r1 45.217375 64.102727
2020-04-08T12:52:34 67 r0 45.219063 64.128343
2020-04-08T12:52:51 wx/8,1029,70,5.28,230
2020-04-08T12:52:51 68 s0 45.224146 64.166738
2020-04-08T12:53:08 68 s1 45.228010 64.182269
2020-04-08T12:53:25 68 r1 45.233579 64.212309
2020-04-08T12:53:42 68 r0 45.239086 64.237663
2020-04-08T12:54:00 wx/8,1029,70,5.28,230
2020-04-08T12:54:00 69 s0 45.242793 64.266191
2020-04-08T12:54:16 69 s1 45.245803 64.291871
2020-04-08T12:54:34 69 r1 45.249473 64.321847
2020-04-08T12:54:51 69 r0 45.256140 64.348116
2020-04-08T12:55:08 wx/8,1029,70,5.28,230
2020-04-08T12:55:08 70 s0 45.258537 64.375575
2020-04-08T12:55:25 70 s1 45.263312 64.404743
2020-04-08T12:55:42 70 r1 45.267882 64.428510
2020-04-08T12:56:00 70 r0 45.269154 64.461390
2020-04-08T12:56:17 wx/8,1029,70,5.28,230
2020-04-08T12:56:17 71 s0 45.275812 64.486270
2020-04-08T12:56:34 71 s1 45.278251 64.515486
2020-04-08T12:56:52 71 r1 45.282309 64.542062
2020-04-08T12:57:13 71 r0 45.287190 64.574389
2020-04-08T12:57:34 wx/8,1029,70,5.28,230
2020-04-08T12:57:34 72 s0 45.292121 64.611221
2020-04-08T12:57:53 72 s1 45.296089 64.641080
2020-04-08T12:58:12 72 r1 45.299959 64.669465
2020-04-08T12:58:32 72 r0 45.303626 64.705202
2020-04-08T12:58:53 wx/8,1029,70,5.28,230
2020-04-08T12:58:53 73 s0 45.308974 64.736599
2020-04-08T12:59:15 73 s1 45.312896 64.769104
2020-04-08T12:59:35 73 r1 45.317402 64.800936
2020-04-08T12:59:55 73 r0 45.321014 64.828391
2020-04-08T13:00:13 wx/8,1029,70,5.28,230
2020-04-08T13:00:13 74 s0 45.322243 64.863233
2020-04-08T13:00:33 74 s1 45.325506 64.896823
2020-04-08T13:00:54 74 r1 45.327606 64.928975
2020-04-08T13:01:15 74 r0 45.333036 64.959728
2020-04-08T13:01:36 wx/8,1029,70,5.28,230
2020-04-08T13:01:36 75 s0 45.336474 64.996199
2020-04-08T13:01:56 75 s1 45.339314 65.027590
2020-04-08T13:02:18 75 r1 45.343431 65.063460
2020-04-08T13:02:39 75 r0 45.345247 65.096132
2020-04-08T13:03:02 wx/8,1029,70,5.28,230
2020-04-08T13:03:02 76 s0 45.347688 65.135711
2020-04-08T13:03:19 76 s1 45.349334 65.165631
2020-04-08T13:03:42 76 r1 45.352670 65.204837
2020-04-08T13:04:05 76 r0 45.354599 65.234404
2020-04-08T13:04:29 wx/8,1028,70,5.83,229
2020-04-08T13:04:29 77 s0 45.358249 65.269342
2020-04-08T13:04:52 77 s1 45.363668 65.310923
2020-04-08T13:05:15 77 r1 45.363220 65.350041
2020-04-08T13:05:37 77 r0 45.367939 65.383935
2020-04-08T13:05:59 wx/8,1028,70,5.83,229
2020-04-08T13:05:59 78 s0 45.367993 65.416721
2020-04-08T13:06:23 78 s1 45.370229 65.458104
2020-04-08T13:06:46 78 r1 45.372769 65.496725
2020-04-08T13:07:08 78 r0 45.375315 65.514312
2020-04-08T13:07:30 wx/8,1028,70,5.83,229
2020-04-08T13:07:57 79 s0 45.377583 65.606257
2020-04-08T13:08:17 79 s1 45.378387 65.630695
2020-04-08T13:08:38 79 r1 45.378714 65.668921
2020-04-08T13:09:00 79 r0 45.377974 65.706942
2020-04-08T13:09:22 wx/8,1028,70,5.83,229
2020-04-08T13:09:22 80 s0 45.380921 65.742970
2020-04-08T13:09:44 80 s1 45.381951 65.779009
2020-04-08T13:10:07 80 r1 45.382621 65.814437
2020-04-08T13:10:29 80 r0 45.383089 65.850571
2020-04-08T13:10:52 wx/8,1028,70,5.83,229
2020-04-08T13:10:52 81 s0 45.383832 65.886162
2020-04-08T13:11:14 81 s1 45.383667 65.924220
2020-04-08T13:11:34 81 r1 45.384060 65.954105
2020-04-08T13:11:56 81 r0 45.382303 65.991842
2020-04-08T13:12:18 wx/8,1028,70,5.83,229
2020-04-08T13:12:18 82 s0 45.384116 66.025770
2020-04-08T13:12:41 82 s1 45.382529 66.061430
2020-04-08T13:13:03 82 r1 45.382480 66.096933
2020-04-08T13:13:25 82 r0 45.382370 66.133856
2020-04-08T13:13:47 wx/8,1028,70,5.83,229
2020-04-08T13:13:47 83 s0 45.382073 66.166701
2020-04-08T13:14:09 83 s1 45.379234 66.203602
2020-04-08T13:14:32 83 r1 45.380972 66.236125
2020-04-08T13:14:53 83 r0 45.378863 66.274601
2020-04-08T13:15:13 wx/8,1028,70,5.83,229
2020-04-08T13:15:13 84 s0 45.378009 66.306047
2020-04-08T13:15:31 84 s1 45.375484 66.336550
2020-04-08T13:15:48 84 r1 45.375492 66.362075
2020-04-08T13:16:05 84 r0 45.376875 66.387220
2020-04-08T13:16:21 wx/8,1028,70,5.83,229
2020-04-08T13:16:21 85 s0 45.373512 66.415800
2020-04-08T13:16:38 85 s1 45.372474 66.442710
2020-04-08T13:16:54 85 r1 45.371385 66.465532
2020-04-08T13:17:12 85 r0 45.367872 66.498242
2020-04-08T13:17:29 wx/8,1028,70,5.83,229
2020-04-08T13:17:29 86 s0 45.367525 66.522535
2020-04-08T13:17:46 86 s1 45.365305 66.551302
2020-04-08T13:18:02 86 r1 45.365551 66.576244
2020-04-08T13:18:19 86 r0 45.362701 66.603153
2020-04-08T13:18:36 wx/8,1028,70,5.83,229
2020-04-08T13:18:36 87 s0 45.361108 66.634013
2020-04-08T13:18:53 87 s1 45.358474 66.655747
2020-04-08T13:19:09 87 r1 45.356718 66.687533
2020-04-08T13:19:26 87 r0 45.354035 66.709899
2020-04-08T13:19:42 wx/8,1028,70,5.83,229
2020-04-08T13:19:42 88 s0 45.351776 66.736294
2020-04-08T13:19:59 88 s1 45.351152 66.763635
2020-04-08T13:20:17 88 r1 45.346559 66.793176
2020-04-08T13:20:33 88 r0 45.345700 66.818313
2020-04-08T13:20:51 wx/8,1028,70,5.83,229
2020-04-08T13:20:51 89 s0 45.342281 66.846809
2020-04-08T13:21:08 89 s1 45.339479 66.873580
2020-04-08T13:21:25 89 r1 45.337930 66.896958
2020-04-08T13:21:42 89 r0 45.334411 66.930201
2020-04-08T13:21:59 wx/8,1028,70,5.83,229
2020-04-08T13:21:59 90 s0 45.330712 66.954510
2020-04-08T13:22:16 90 s1 45.328414 66.984713
2020-04-08T13:22:33 90 r1 45.324386 67.009949
2020-04-08T13:22:50 90 r0 45.322216 67.038039
2020-04-08T13:23:07 wx/8,1028,70,5.83,229
2020-04-08T13:23:07 91 s0 45.318597 67.065721
2020-04-08T13:23:24 91 s1 45.315424 67.092362
2020-04-08T13:23:40 91 r1 45.310849 67.116811
2020-04-08T13:23:57 91 r0 45.308925 67.145211
2020-04-08T13:24:14 wx/8,1028,70,5.83,229
2020-04-08T13:24:14 92 s0 45.305411 67.170127
2020-04-08T13:24:31 92 s1 45.300252 67.200896
2020-04-08T13:24:48 92 r1 45.297366 67.227505
2020-04-08T13:25:06 92 r0 45.293479 67.255587
2020-04-08T13:25:23 wx/8,1028,70,5.83,229
2020-04-08T13:25:23 93 s0 45.289654 67.280423
2020-04-08T13:25:40 93 s1 45.285248 67.309146
2020-04-08T13:25:57 93 r1 45.280603 67.335874
2020-04-08T13:26:13 93 r0 45.277082 67.364063
2020-04-08T13:26:31 wx/8,1028,70,5.83,229
2020-04-08T13:26:31 94 s0 45.272971 67.391183
2020-04-08T13:26:48 94 s1 45.268190 67.416491
2020-04-08T13:27:05 94 r1 45.264038 67.445345
2020-04-08T13:27:22 94 r0 45.258883 67.473586
2020-04-08T13:27:38 wx/8,1028,70,5.83,229
2020-04-08T13:27:38 95 s0 45.254935 67.498971
2020-04-08T13:27:55 95 s1 45.249518 67.525806
2020-04-08T13:28:12 95 r1 45.246177 67.551134
2020-04-08T13:28:29 95 r0 45.238700 67.582584
2020-04-08T13:28:46 wx/8,1028,70,5.83,229
2020-04-08T13:28:46 96 s0 45.235010 67.607521
2020-04-08T13:29:03 96 s1 45.228872 67.633315
2020-04-08T13:29:20 96 r1 45.224684 67.660573
2020-04-08T13:29:37 96 r0 45.218921 67.689474
2020-04-08T13:29:53 wx/8,1028,70,5.83,229
2020-04-08T13:29:53 97 s0 45.214331 67.714802
2020-04-08T13:30:10 97 s1 45.208697 67.740362
2020-04-08T13:30:27 97 r1 45.202864 67.764949
2020-04-08T13:30:43 97 r0 45.199035 67.795479
2020-04-08T13:31:01 wx/8,1028,70,5.83,229
2020-04-08T13:31:01 98 s0 45.190605 67.823101
2020-04-08T13:31:17 98 s1 45.185762 67.845239
2020-04-08T13:31:34 98 r1 45.179745 67.875672
2020-04-08T13:31:51 98 r0 45.172728 67.903663
2020-04-08T13:32:08 wx/8,1028,70,5.83,229
2020-04-08T13:32:08 99 s0 45.167478 67.931371
2020-04-08T13:32:26 99 s1 45.161511 67.956842
2020-04-08T13:32:43 99 r1 45.154560 67.986316
2020-04-08T13:32:59 99 r0 45.148085 68.011869
2020-04-08T13:33:15 wx/8,1028,70,5.83,229
2020-04-08T13:33:15 100 s0 45.141960 68.038910
2020-04-08T13:33:32 100 s1 45.134741 68.062730
2020-04-08T13:33:50 100 r1 45.128252 68.092723
2020-04-08T13:34:08 100 r0 45.122262 68.120144
2020-04-08T13:34:26 wx/8,1028,70,5.83,229
2020-04-08T13:34:26 101 s0 45.113408 68.148939
2020-04-08T13:34:46 101 s1 45.105729 68.182197
2020-04-08T13:35:04 101 r1 45.098080 68.214379
2020-04-08T13:35:24 101 r0 45.088695 68.242041
2020-04-08T13:35:44 wx/8,1028,70,5.83,229
2020-04-08T13:35:44 102 s0 45.081424 68.273530
2020-04-08T13:36:02 102 s1 45.071721 68.304688
2020-04-08T13:36:20 102 r1 45.063764 68.329658
2020-04-08T13:36:39 102 r0 45.054823 68.363012
2020-04-08T13:37:01 wx/8,1028,70,5.83,229
2020-04-08T13:37:01 103 s0 45.045742 68.396609
2020-04-08T13:37:20 103 s1 45.036026 68.426736
2020-04-08T13:37:38 103 r1 45.028000 68.457785
2020-04-08T13:37:58 103 r0 45.017634 68.487266
2020-04-08T13:38:19 wx/8,1028,70,5.83,229
2020-04-08T13:38:19 104 s0 45.007748 68.521890
2020-04-08T13:38:40 104 s1 44.997355 68.554826
2020-04-08T13:39:02 104 r1 44.986266 68.589123
2020-04-08T13:39:23 104 r0 44.974239 68.622245
2020-04-08T13:39:45 wx/8,1028,70,5.83,229
2020-04-08T13:39:45 105 s0 44.963417 68.657605
2020-04-08T13:40:08 105 s1 44.950829 68.694903
2020-04-08T13:40:28 105 r1 44.939823 68.726422
2020-04-08T13:40:49 105 r0 44.928256 68.757549
2020-04-08T13:41:11 wx/8,1028,70,5.83,229
2020-04-08T13:41:11 106 s0 44.915450 68.795857
2020-04-08T13:41:34 106 s1 44.903721 68.831649
2020-04-08T13:41:57 106 r1 44.890890 68.866546
2020-04-08T13:42:19 106 r0 44.874896 68.901670
2020-04-08T13:42:43 wx/8,1028,70,5.83,229
2020-04-08T13:42:43 107 s0 44.863358 68.942618
2020-04-08T13:43:07 107 s1 44.848813 68.977859
2020-04-08T13:43:31 107 r1 44.833489 69.014445
2020-04-08T13:43:53 107 r0 44.820412 69.050403
2020-04-08T13:44:16 wx/8,1028,70,5.83,229
2020-04-08T13:44:16 108 s0 44.805350 69.090025
2020-04-08T13:44:38 108 s1 44.791440 69.123615
2020-04-08T13:45:00 108 r1 44.777126 69.157273
2020-04-08T13:45:22 108 r0 44.763403 69.193554
2020-04-08T13:45:43 wx/8,1028,70,5.83,229
2020-04-08T13:45:43 109 s0 44.748289 69.229058
2020-04-08T13:46:05 109 s1 44.734485 69.262678
2020-04-08T13:46:27 109 r1 44.718517 69.295635
2020-04-08T13:46:51 109 r0 44.703293 69.333365
2020-04-08T13:47:14 wx/8,1028,70,5.83,229
2020-04-08T13:47:14 110 s0 44.685903 69.367564
2020-04-08T13:47:36 110 s1 44.671081 69.405243
2020-04-08T13:47:58 110 r1 44.655260 69.439795
2020-04-08T13:48:21 110 r0 44.639466 69.479310
2020-04-08T13:48:42 wx/8,1028,70,5.83,229
2020-04-08T13:48:42 111 s0 44.623018 69.510036
2020-04-08T13:49:02 111 s1 44.607997 69.541562
2020-04-08T13:49:26 111 r1 44.590145 69.578356
2020-04-08T13:49:50 111 r0 44.571469 69.619350
2020-04-08T13:50:12 wx/8,1028,70,5.83,229
2020-04-08T13:50:12 112 s0 44.555317 69.651080
2020-04-08T13:50:33 112 s1 44.537511 69.684838
2020-04-08T13:50:54 112 r1 44.521520 69.720296
2020-04-08T13:51:18 112 r0 44.502052 69.754106
2020-04-08T13:51:40 wx/8,1028,70,5.83,229
2020-04-08T13:51:40 113 s0 44.484834 69.790607
2020-04-08T13:52:01 113 s1 44.467013 69.824181
2020-04-08T13:52:20 113 r1 44.451007 69.854065
2020-04-08T13:52:39 113 r0 44.435787 69.885627
2020-04-08T13:52:56 wx/8,1028,70,5.83,229
2020-04-08T13:52:56 114 s0 44.420890 69.911759
2020-04-08T13:53:13 114 s1 44.405848 69.940794
2020-04-08T13:53:30 114 r1 44.392316 69.960468
2020-04-08T13:53:47 114 r0 44.377705 69.985414
2020-04-08T13:54:04 wx/8,1028,70,5.83,229
2020-04-08T13:54:04 115 s0 44.361883 70.019885
2020-04-08T13:54:21 115 s1 44.347457 70.047006
2020-04-08T13:54:38 115 r1 44.332491 70.071538
2020-04-08T13:54:54 115 r0 44.317232 70.098451
2020-04-08T13:55:11 wx/8,1028,70,5.83,229
2020-04-08T13:55:38 116 s0 44.280242 70.162031
2020-04-08T13:55:55 116 s1 44.262048 70.195421
2020-04-08T13:56:12 116 r1 44.248619 70.217448
2020-04-08T13:56:28 116 r0 44.234097 70.240551
2020-04-08T13:56:45 wx/8,1028,70,5.83,229
2020-04-08T13:56:45 117 s0 44.216138 70.269296
2020-04-08T13:57:02 117 s1 44.198463 70.299100
2020-04-08T13:57:19 117 r1 44.183102 70.323084
2020-04-08T13:57:36 117 r0 44.165286 70.351060
2020-04-08T13:57:53 wx/8,1028,70,5.83,229
2020-04-08T13:57:53 118 s0 44.150501 70.373878
2020-04-08T13:58:10 118 s1 44.132519 70.406753
2020-04-08T13:58:27 118 r1 44.116616 70.431734
2020-04-08T13:58:43 118 r0 44.099741 70.459250
2020-04-08T13:59:00 wx/8,1028,70,5.83,229
2020-04-08T13:59:00 119 s0 44.083085 70.482595
2020-04-08T13:59:16 119 s1 44.066320 70.506773
2020-04-08T13:59:33 119 r1 44.047242 70.536421
2020-04-08T13:59:50 119 r0 44.031286 70.564519
2020-04-08T14:00:07 wx/8,1028,70,5.83,229
2020-04-08T14:00:07 120 s0 44.012180 70.589873
2020-04-08T14:00:24 120 s1 43.995240 70.614377
2020-04-08T14:00:41 120 r1 43.976893 70.642106
2020-04-08T14:00:57 120 r0 43.960246 70.667316
2020-04-08T14:01:14 wx/8,1028,70,5.83,229
2020-04-08T14:01:14 121 s0 43.942090 70.694059
2020-04-08T14:01:30 121 s1 43.924202 70.717338
2020-04-08T14:01:47 121 r1 43.906110 70.745992
2020-04-08T14:02:04 121 r0 43.886919 70.771824
2020-04-08T14:02:21 wx/8,1028,70,5.83,229
2020-04-08T14:02:21 122 s0 43.868567 70.796677
2020-04-08T14:02:38 122 s1 43.849349 70.825475
2020-04-08T14:02:55 122 r1 43.830753 70.850601
2020-04-08T14:03:12 122 r0 43.811242 70.877637
2020-04-08T14:03:29 wx/8,1028,70,5.83,229
2020-04-08T14:03:29 123 s0 43.792343 70.904520
2020-04-08T14:03:46 123 s1 43.771751 70.930006
2020-04-08T14:04:02 123 r1 43.753551 70.954751
2020-04-08T14:04:19 123 r0 43.733515 70.980527
2020-04-08T14:04:36 wx/8,1027,74,7.22,229
2020-04-08T14:04:36 124 s0 43.713419 71.009103
2020-04-08T14:04:53 124 s1 43.692821 71.034999
2020-04-08T14:05:10 124 r1 43.672881 71.061674
2020-04-08T14:05:27 124 r0 43.654123 71.088668
2020-04-08T14:05:44 wx/8,1027,74,7.22,229
2020-04-08T14:05:44 125 s0 43.632749 71.113952
2020-04-08T14:06:01 125 s1 43.613217 71.136656
2020-04-08T14:06:18 125 r1 43.590784 71.159825
2020-04-08T14:06:35 125 r0 43.571163 71.194267
2020-04-08T14:06:52 wx/8,1027,74,7.22,229
2020-04-08T14:06:52 126 s0 43.548798 71.217886
2020-04-08T14:07:09 126 s1 43.527080 71.245654
2020-04-08T14:07:26 126 r1 43.505927 71.270204
2020-04-08T14:07:43 126 r0 43.482308 71.299647
2020-04-08T14:08:00 wx/8,1027,74,7.22,229
2020-04-08T14:08:00 127 s0 43.461174 71.325146
2020-04-08T14:08:18 127 s1 43.439807 71.351921
2020-04-08T14:08:35 127 r1 43.417248 71.377092
2020-04-08T14:08:51 127 r0 43.396155 71.403171
2020-04-08T14:09:08 wx/8,1027,74,7.22,229
2020-04-08T14:09:08 128 s0 43.372922 71.430118
2020-04-08T14:09:25 128 s1 43.350543 71.455748
2020-04-08T14:09:42 128 r1 43.328362 71.483352
2020-04-08T14:09:59 128 r0 43.304424 71.511080
2020-04-08T14:10:17 wx/8,1027,74,7.22,229
2020-04-08T14:10:17 129 s0 43.280824 71.537764
2020-04-08T14:10:34 129 s1 43.256791 71.562741
2020-04-08T14:10:51 129 r1 43.233735 71.590486
2020-04-08T14:11:08 129 r0 43.211299 71.615882
2020-04-08T14:11:25 wx/8,1027,74,7.22,229
2020-04-08T14:11:25 130 s0 43.185911 71.642412
2020-04-08T14:11:42 130 s1 43.163052 71.669107
2020-04-08T14:11:59 130 r1 43.138240 71.694310
2020-04-08T14:12:16 130 r0 43.114516 71.722785
2020-04-08T14:12:33 wx/8,1027,74,7.22,229
2020-04-08T14:12:33 131 s0 43.089308 71.746559
2020-04-08T14:12:50 131 s1 43.064925 71.774991
2020-04-08T14:13:07 131 r1 43.040648 71.800896
2020-04-08T14:13:24 131 r0 43.016081 71.825804
2020-04-08T14:13:41 wx/8,1027,74,7.22,229
2020-04-08T14:13:41 132 s0 42.991421 71.851455
2020-04-08T14:13:58 132 s1 42.965822 71.875641
2020-04-08T14:14:15 132 r1 42.941364 71.903123
2020-04-08T14:14:32 132 r0 42.915195 71.929143
2020-04-08T14:14:49 wx/8,1027,74,7.22,229
2020-04-08T14:14:49 133 s0 42.890203 71.956058
2020-04-08T14:15:06 133 s1 42.864800 71.980178
2020-04-08T14:15:23 133 r1 42.837731 72.007473
2020-04-08T14:15:40 133 r0 42.812170 72.032694
2020-04-08T14:15:57 wx/8,1027,74,7.22,229
2020-04-08T14:15:57 134 s0 42.785321 72.059292
2020-04-08T14:16:14 134 s1 42.759075 72.084518
2020-04-08T14:16:31 134 r1 42.732367 72.111784
2020-04-08T14:16:47 134 r0 42.707207 72.134774
2020-04-08T14:17:04 wx/8,1027,74,7.22,229
2020-04-08T14:17:04 135 s0 42.680236 72.161774
2020-04-08T14:17:21 135 s1 42.652494 72.185766
2020-04-08T14:17:38 135 r1 42.624826 72.213103
2020-04-08T14:17:56 135 r0 42.595748 72.242849
2020-04-08T14:18:13 wx/8,1027,74,7.22,229
2020-04-08T14:18:13 136 s0 42.568905 72.266213
2020-04-08T14:18:30 136 s1 42.540761 72.290784
2020-04-08T14:18:47 136 r1 42.513301 72.316539
2020-04-08T14:19:04 136 r0 42.484666 72.343722
2020-04-08T14:19:21 wx/8,1027,74,7.22,229
2020-04-08T14:19:21 137 s0 42.455815 72.370374
2020-04-08T14:19:38 137 s1 42.428101 72.395045
2020-04-08T14:19:55 137 r1 42.398488 72.422640
2020-04-08T14:20:12 137 r0 42.370242 72.447109
2020-04-08T14:20:28 wx/8,1027,74,7.22,229
2020-04-08T14:20:28 138 s0 42.341264 72.472780
2020-04-08T14:20:45 138 s1 42.312791 72.495740
2020-04-08T14:21:02 138 r1 42.283329 72.521093
2020-04-08T14:21:18 138 r0 42.254359 72.548662
2020-04-08T14:21:35 wx/8,1027,74,7.22,229
2020-04-08T14:21:35 139 s0 42.224531 72.574803
2020-04-08T14:21:52 139 s1 42.194371 72.600018
2020-04-08T14:22:09 139 r1 42.164326 72.626037
2020-04-08T14:22:26 139 r0 42.135124 72.646904
2020-04-08T14:22:43 wx/8,1027,74,7.22,229
2020-04-08T14:22:43 140 s0 42.104220 72.676210
2020-04-08T14:22:59 140 s1 42.074385 72.701801
2020-04-08T14:23:16 140 r1 42.043470 72.727980
2020-04-08T14:23:33 140 r0 42.012926 72.750968
2020-04-08T14:23:50 wx/8,1027,74,7.22,229
2020-04-08T14:23:50 141 s0 41.981349 72.777164
2020-04-08T14:24:07 141 s1 41.950536 72.801853
2020-04-08T14:24:23 141 r1 41.919572 72.826721
2020-04-08T14:24:40 141 r0 41.888301 72.852590
2020-04-08T14:24:57 wx/8,1027,74,7.22,229
2020-04-08T14:24:57 142 s0 41.855377 72.878197
2020-04-08T14:25:14 142 s1 41.824300 72.903167
2020-04-08T14:25:31 142 r1 41.791331 72.928971
2020-04-08T14:25:48 142 r0 41.758725 72.955178
2020-04-08T14:26:05 wx/8,1027,74,7.22,229
2020-04-08T14:26:05 143 s0 41.725327 72.980856
2020-04-08T14:26:22 143 s1 41.692272 73.005022
2020-04-08T14:26:39 143 r1 41.659217 73.030804
2020-04-08T14:26:55 143 r0 41.627868 73.055901
2020-04-08T14:27:11 wx/8,1027,74,7.22,229
2020-04-08T14:27:11 144 s0 41.594853 73.080411
2020-04-08T14:27:28 144 s1 41.561818 73.105366
2020-04-08T14:27:46 144 r1 41.526608 73.131004
2020-04-08T14:28:03 144 r0 41.492298 73.155782
2020-04-08T14:28:20 wx/8,1027,74,7.22,229
2020-04-08T14:28:20 145 s0 41.457800 73.181546
2020-04-08T14:28:36 145 s1 41.423497 73.206698
2020-04-08T14:28:54 145 r1 41.388128 73.232413
2020-04-08T14:29:10 145 r0 41.353204 73.257117
2020-04-08T14:29:27 wx/8,1027,74,7.22,229
2020-04-08T14:29:27 146 s0 41.318297 73.282209
2020-04-08T14:29:44 146 s1 41.282807 73.307814
2020-04-08T14:30:02 146 r1 41.246623 73.333738
2020-04-08T14:30:18 146 r0 41.211946 73.357872
2020-04-08T14:30:35 wx/8,1027,74,7.22,229
2020-04-08T14:30:35 147 s0 41.175346 73.383210
2020-04-08T14:30:52 147 s1 41.139249 73.408192
2020-04-08T14:31:09 147 r1 41.103121 73.433693
2020-04-08T14:31:27 147 r0 41.064527 73.460768
2020-04-08T14:31:44 wx/8,1027,74,7.22,229
2020-04-08T14:31:44 148 s0 41.027225 73.484287
2020-04-08T14:32:01 148 s1 40.990696 73.509909
2020-04-08T14:32:18 148 r1 40.954133 73.534410
2020-04-08T14:32:35 148 r0 40.915019 73.560126
2020-04-08T14:32:51 wx/8,1027,74,7.22,229
2020-04-08T14:32:51 149 s0 40.878876 73.584948
2020-04-08T14:33:08 149 s1 40.840819 73.610683
2020-04-08T14:33:26 149 r1 40.801907 73.634638
2020-04-08T14:33:42 149 r0 40.764760 73.660464
2020-04-08T14:33:59 wx/8,1027,74,7.22,229
2020-04-08T14:33:59 150 s0 40.724952 73.683741
2020-04-08T14:34:16 150 s1 40.687308 73.709531
2020-04-08T14:34:33 150 r1 40.647327 73.733002
2020-04-08T14:34:51 150 r0 40.607493 73.761155
2020-04-08T14:35:08 wx/8,1027,74,7.22,229
2020-04-08T14:35:08 151 s0 40.568429 73.783103
2020-04-08T14:35:25 151 s1 40.528161 73.810691
2020-04-08T14:35:42 151 r1 40.487627 73.834458
2020-04-08T14:35:59 151 r0 40.448046 73.858214
2020-04-08T14:36:16 wx/8,1027,74,7.22,229
2020-04-08T14:36:16 152 s0 40.407749 73.883538
2020-04-08T14:36:33 152 s1 40.366428 73.906696
2020-04-08T14:36:49 152 r1 40.328262 73.931966
2020-04-08T14:37:05 152 r0 40.289010 73.959225
2020-04-08T14:37:22 wx/8,1027,74,7.22,229
2020-04-08T14:37:22 153 s0 40.248280 73.982301
2020-04-08T14:37:39 153 s1 40.206103 74.004247
2020-04-08T14:37:55 153 r1 40.165527 74.031069
2020-04-08T14:38:12 153 r0 40.124334 74.055100
2020-04-08T14:38:30 wx/8,1027,74,7.22,229
2020-04-08T14:38:30 154 s0 40.081072 74.080895
2020-04-08T14:38:46 154 s1 40.039142 74.104544
2020-04-08T14:39:03 154 r1 39.996633 74.128059
2020-04-08T14:39:20 154 r0 39.953982 74.149927
2020-04-08T14:39:37 wx/8,1027,74,7.22,229
2020-04-08T14:39:37 155 s0 39.911056 74.176341
2020-04-08T14:39:54 155 s1 39.866911 74.201608
2020-04-08T14:40:12 155 r1 39.823026 74.223499
2020-04-08T14:40:28 155 r0 39.780148 74.252746
2020-04-08T14:40:46 wx/8,1027,74,7.22,229
2020-04-08T14:40:46 156 s0 39.734789 74.275533
2020-04-08T14:41:03 156 s1 39.691033 74.300916
2020-04-08T14:41:20 156 r1 39.645819 74.328084
2020-04-08T14:41:37 156 r0 39.600796 74.347656
2020-04-08T14:41:54 wx/8,1027,74,7.22,229
2020-04-08T14:41:54 157 s0 39.555387 74.375789
2020-04-08T14:42:11 157 s1 39.509662 74.401701
2020-04-08T14:42:28 157 r1 39.464069 74.424639
2020-04-08T14:42:45 157 r0 39.418780 74.446969
2020-04-08T14:43:02 wx/8,1027,74,7.22,229
2020-04-08T14:43:30 158 s0 39.305098 74.506003
2020-04-08T14:43:46 158 s1 39.257557 74.532925
2020-04-08T14:44:03 158 r1 39.206526 74.558806
2020-04-08T14:44:20 158 r0 39.164927 74.578353
2020-04-08T14:44:37 wx/8,1027,74,7.22,229
2020-04-08T14:44:37 159 s0 39.118970 74.601026
2020-04-08T14:44:54 159 s1 39.065406 74.630592
2020-04-08T14:45:11 159 r1 39.014868 74.656132
2020-04-08T14:45:28 159 r0 38.968285 74.678319
2020-04-08T14:45:44 wx/8,1027,74,7.22,229
2020-04-08T14:45:44 160 s0 38.920224 74.703076
2020-04-08T14:46:01 160 s1 38.872043 74.726669
2020-04-08T14:46:19 160 r1 38.822665 74.751519
2020-04-08T14:46:36 160 r0 38.772522 74.775529
2020-04-08T14:46:52 wx/8,1027,74,7.22,229
2020-04-08T14:46:52 161 s0 38.725730 74.797218
2020-04-08T14:47:09 161 s1 38.676808 74.821217
2020-04-08T14:47:25 161 r1 38.627298 74.845202
2020-04-08T14:47:42 161 r0 38.577100 74.868347
2020-04-08T14:48:00 wx/8,1027,74,7.22,229
2020-04-08T14:48:00 162 s0 38.525910 74.893010
2020-04-08T14:48:17 162 s1 38.475457 74.916847
2020-04-08T14:48:33 162 r1 38.424979 74.940680
2020-04-08T14:48:50 162 r0 38.373758 74.966480
2020-04-08T14:49:08 wx/8,1027,74,7.22,229
2020-04-08T14:49:08 163 s0 38.321276 74.985372
2020-04-08T14:49:24 163 s1 38.271667 75.011108
2020-04-08T14:49:41 163 r1 38.219270 75.036576
2020-04-08T14:49:58 163 r0 38.166246 75.059350
2020-04-08T14:50:15 wx/8,1027,74,7.22,229
2020-04-08T14:50:15 164 s0 38.114759 75.083423
2020-04-08T14:50:32 164 s1 38.062794 75.105736
2020-04-08T14:50:49 164 r1 38.010098 75.131824
2020-04-08T14:51:06 164 r0 37.957022 75.153787
2020-04-08T14:51:22 wx/8,1027,74,7.22,229
2020-04-08T14:51:22 165 s0 37.903982 75.176301
2020-04-08T14:51:39 165 s1 37.850467 75.199555
2020-04-08T14:51:56 165 r1 37.796581 75.221674
2020-04-08T14:52:13 165 r0 37.743709 75.244713
2020-04-08T14:52:29 wx/8,1027,74,7.22,229
2020-04-08T14:52:29 166 s0 37.689481 75.268242
2020-04-08T14:52:46 166 s1 37.635300 75.291844
2020-04-08T14:53:02 166 r1 37.582892 75.313737
2020-04-08T14:53:19 166 r0 37.528419 75.336635
2020-04-08T14:53:36 wx/8,1027,74,7.22,229
2020-04-08T14:53:36 167 s0 37.473211 75.359463
2020-04-08T14:53:53 167 s1 37.416370 75.383298
2020-04-08T14:54:10 167 r1 37.359734 75.407698
2020-04-08T14:54:27 167 r0 37.302424 75.430123
2020-04-08T14:54:44 wx/8,1027,74,7.22,229
2020-04-08T14:54:44 168 s0 37.246322 75.455022
2020-04-08T14:55:01 168 s1 37.189108 75.477311
2020-04-08T14:55:18 168 r1 37.130391 75.502675
2020-04-08T14:55:35 168 r0 37.073333 75.522847
2020-04-08T14:55:52 wx/8,1027,74,7.22,229
2020-04-08T14:55:52 169 s0 37.015384 75.545409
2020-04-08T14:56:09 169 s1 36.956914 75.568491
2020-04-08T14:56:26 169 r1 36.898024 75.592712
2020-04-08T14:56:43 169 r0 36.839426 75.613364
2020-04-08T14:56:59 wx/8,1027,74,7.22,229
2020-04-08T14:56:59 170 s0 36.783362 75.638290
2020-04-08T14:57:16 170 s1 36.724383 75.660964
2020-04-08T14:57:33 170 r1 36.663109 75.681736
2020-04-08T14:57:50 170 r0 36.606312 75.705292
2020-04-08T14:58:07 wx/8,1027,74,7.22,229
2020-04-08T14:58:07 171 s0 36.544471 75.727145
2020-04-08T14:58:24 171 s1 36.483968 75.749724
2020-04-08T14:58:41 171 r1 36.423457 75.771770
2020-04-08T14:58:58 171 r0 36.362266 75.797820
2020-04-08T14:59:14 wx/8,1027,74,7.22,229
2020-04-08T14:59:14 172 s0 36.301982 75.814953
2020-04-08T14:59:32 172 s1 36.239879 75.837316
2020-04-08T14:59:48 172 r1 36.180482 75.863711
2020-04-08T15:00:05 172 r0 36.117921 75.883601
2020-04-08T15:00:21 wx/8,1027,74,7.22,229
2020-04-08T15:00:21 173 s0 36.058625 75.910262
2020-04-08T15:00:38 173 s1 35.996255 75.931218
2020-04-08T15:00:55 173 r1 35.931076 75.951367
2020-04-08T15:01:12 173 r0 35.868142 75.972958
2020-04-08T15:01:29 wx/8,1027,74,7.22,229
2020-04-08T15:01:29 174 s0 35.802948 75.996717
2020-04-08T15:01:46 174 s1 35.739208 76.016912
2020-04-08T15:02:04 174 r1 35.672900 76.041761
2020-04-08T15:02:20 174 r0 35.608376 76.058311
2020-04-08T15:02:37 wx/8,1027,74,7.22,229
2020-04-08T15:02:37 175 s0 35.543551 76.087801
2020-04-08T15:02:54 175 s1 35.478950 76.108234
2020-04-08T15:03:12 175 r1 35.411390 76.131339
2020-04-08T15:03:29 175 r0 35.345462 76.155474
2020-04-08T15:03:46 wx/8,1027,74,7.22,229
2020-04-08T15:03:46 176 s0 35.276368 76.177783
2020-04-08T15:04:03 176 s1 35.210794 76.195169
2020-04-08T15:04:20 176 r1 35.143730 76.217640
2020-04-08T15:04:37 176 r0 35.077596 76.240853
2020-04-08T15:04:54 wx/7,1026,74,7.22,226
2020-04-08T15:04:54 177 s0 35.008206 76.263365
2020-04-08T15:05:11 177 s1 34.938826 76.285521
2020-04-08T15:05:29 177 r1 34.869453 76.307905
2020-04-08T15:05:45 177 r0 34.802165 76.330292
2020-04-08T15:06:02 wx/7,1026,74,7.22,226
2020-04-08T15:06:02 178 s0 34.733746 76.352617
2020-04-08T15:06:19 178 s1 34.664584 76.373086
2020-04-08T15:06:36 178 r1 34.595543 76.396001
2020-04-08T15:06:53 178 r0 34.523737 76.417867
2020-04-08T15:07:10 wx/7,1026,74,7.22,226
2020-04-08T15:07:10 179 s0 34.455107 76.435640
2020-04-08T15:07:27 179 s1 34.384622 76.458583
2020-04-08T15:07:44 179 r1 34.313646 76.480055
2020-04-08T15:08:01 179 r0 34.241699 76.504909
2020-04-08T15:08:17 wx/7,1026,74,7.22,226
2020-04-08T15:08:17 180 s0 34.173910 76.523365
2020-04-08T15:08:34 180 s1 34.100739 76.547021
2020-04-08T15:08:51 180 r1 34.027733 76.570421
2020-04-08T15:09:08 180 r0 33.957327 76.585789
2020-04-08T15:09:25 wx/7,1026,74,7.22,226
2020-04-08T15:09:25 181 s0 33.883899 76.608254
2020-04-08T15:09:42 181 s1 33.811553 76.630792
2020-04-08T15:09:59 181 r1 33.738597 76.651631
2020-04-08T15:10:16 181 r0 33.665210 76.673860
2020-04-08T15:10:33 wx/7,1026,74,7.22,226
2020-04-08T15:10:33 182 s0 33.589552 76.693788
2020-04-08T15:10:50 182 s1 33.514360 76.715611
2020-04-08T15:11:07 182 r1 33.439223 76.737507
2020-04-08T15:11:24 182 r0 33.363751 76.752581
2020-04-08T15:11:41 wx/7,1026,74,7.22,226
2020-04-08T15:11:41 183 s0 33.287481 76.780476
2020-04-08T15:11:58 183 s1 33.211441 76.799384
2020-04-08T15:12:15 183 r1 33.135389 76.822757
2020-04-08T15:12:32 183 r0 33.059025 76.841816
2020-04-08T15:12:49 wx/7,1026,74,7.22,226
2020-04-08T15:12:49 184 s0 32.981716 76.860461
2020-04-08T15:13:06 184 s1 32.905852 76.882964
2020-04-08T15:13:23 184 r1 32.827958 76.902358
2020-04-08T15:13:40 184 r0 32.748357 76.924758
2020-04-08T15:13:57 wx/7,1026,74,7.22,226
2020-04-08T15:13:57 185 s0 32.669494 76.942259
2020-04-08T15:14:14 185 s1 32.589796 76.964257
2020-04-08T15:14:31 185 r1 32.510573 76.988633
2020-04-08T15:14:48 185 r0 32.431865 77.007477
2020-04-08T15:15:05 wx/7,1026,74,7.22,226
2020-04-08T15:15:05 186 s0 32.351994 77.027366
2020-04-08T15:15:22 186 s1 32.272397 77.048803
2020-04-08T15:15:39 186 r1 32.192386 77.071787
2020-04-08T15:15:56 186 r0 32.110533 77.090031
2020-04-08T15:16:13 wx/7,1026,74,7.22,226
2020-04-08T15:16:13 187 s0 32.029297 77.108316
2020-04-08T15:16:30 187 s1 31.946914 77.131396
2020-04-08T15:16:47 187 r1 31.863902 77.148870
2020-04-08T15:17:04 187 r0 31.783826 77.170639
2020-04-08T15:17:21 wx/7,1026,74,7.22,226
2020-04-08T15:17:21 188 s0 31.699420 77.191511
2020-04-08T15:17:38 188 s1 31.616778 77.211682
2020-04-08T15:17:55 188 r1 31.533326 77.232094
2020-04-08T15:18:12 188 r0 31.449131 77.251270
2020-04-08T15:18:29 wx/7,1026,74,7.22,226
2020-04-08T15:18:29 189 s0 31.369215 77.270521
2020-04-08T15:18:45 189 s1 31.288270 77.288966
2020-04-08T15:19:02 189 r1 31.203010 77.308912
2020-04-08T15:19:19 189 r0 31.117509 77.328814
2020-04-08T15:19:36 wx/7,1026,74,7.22,226
2020-04-08T15:19:36 190 s0 31.030594 77.349933
2020-04-08T15:19:53 190 s1 30.946823 77.368014
2020-04-08T15:20:10 190 r1 30.861940 77.385255
2020-04-08T15:20:27 190 r0 30.772536 77.409315
2020-04-08T15:20:44 wx/7,1026,74,7.22,226
2020-04-08T15:20:44 191 s0 30.683524 77.427603
2020-04-08T15:21:00 191 s1 30.601308 77.446569
2020-04-08T15:21:17 191 r1 30.514514 77.466274
2020-04-08T15:21:34 191 r0 30.425664 77.486160
2020-04-08T15:21:51 wx/7,1026,74,7.22,226
2020-04-08T15:21:51 192 s0 30.337844 77.504880
2020-04-08T15:22:09 192 s1 30.246940 77.524492
2020-04-08T15:22:25 192 r1 30.158994 77.540488
2020-04-08T15:22:42 192 r0 30.069525 77.567188
2020-04-08T15:22:58 wx/7,1026,74,7.22,226
2020-04-08T15:22:58 193 s0 29.983830 77.583784
2020-04-08T15:23:15 193 s1 29.893828 77.600983
2020-04-08T15:23:32 193 r1 29.804686 77.616256
2020-04-08T15:23:49 193 r0 29.713354 77.640949
2020-04-08T15:24:06 wx/7,1026,74,7.22,226
2020-04-08T15:24:06 194 s0 29.621501 77.653931
2020-04-08T15:24:23 194 s1 29.529780 77.668426
2020-04-08T15:24:40 194 r1 29.437596 77.693732
2020-04-08T15:24:57 194 r0 29.344621 77.713072
2020-04-08T15:25:14 wx/7,1026,74,7.22,226
2020-04-08T15:25:14 195 s0 29.251516 77.733409
2020-04-08T15:25:32 195 s1 29.156226 77.752284
2020-04-08T15:25:49 195 r1 29.060679 77.770295
2020-04-08T15:26:06 195 r0 28.965533 77.788653
2020-04-08T15:26:23 wx/7,1026,74,7.22,226
2020-04-08T15:26:23 196 s0 28.873570 77.808069
2020-04-08T15:26:39 196 s1 28.783333 77.823969
2020-04-08T15:26:56 196 r1 28.687642 77.845120
2020-04-08T15:27:13 196 r0 28.592530 77.860733
2020-04-08T15:27:30 wx/7,1026,74,7.22,226
2020-04-08T15:27:30 197 s0 28.495443 77.881484
2020-04-08T15:27:47 197 s1 28.399071 77.898624
2020-04-08T15:28:04 197 r1 28.302685 77.917902
2020-04-08T15:28:20 197 r0 28.210412 77.933942
2020-04-08T15:28:37 wx/7,1026,74,7.22,226
2020-04-08T15:28:37 198 s0 28.110782 77.950908
2020-04-08T15:28:54 198 s1 28.012665 77.970908
2020-04-08T15:29:11 198 r1 27.915309 77.992494
2020-04-08T15:29:28 198 r0 27.816423 78.000879
2020-04-08T15:29:45 wx/7,1026,74,7.22,226
2020-04-08T15:29:45 199 s0 27.715299 78.024081
2020-04-08T15:30:03 199 s1 27.613925 78.037681
2020-04-08T15:30:20 199 r1 27.511072 78.062291
2020-04-08T15:30:37 199 r0 27.411681 78.078427
2020-04-08T15:30:54 wx/7,1026,74,7.22,226
2020-04-08T15:30:54 200 s0 27.308943 78.092521
2020-04-08T15:31:12 200 s1 27.199989 78.117715
2020-04-08T15:31:28 200 r1 27.090060 78.133414
2020-04-08T15:31:45 200 r0 26.989660 78.149524
2020-04-08T15:32:02 wx/7,1026,74,7.22,226
2020-04-08T15:32:30 201 s0 26.752690 78.190784
2020-04-08T15:32:47 201 s1 26.644096 78.209191
2020-04-08T15:33:04 201 r1 26.532720 78.227609
2020-04-08T15:33:21 201 r0 26.441068 78.241748
2020-04-08T15:33:38 wx/7,1026,74,7.22,226
2020-04-08T15:33:38 202 s0 26.334531 78.261752
2020-04-08T15:33:55 202 s1 26.221159 78.278023
2020-04-08T15:34:12 202 r1 26.110701 78.296325
2020-04-08T15:34:29 202 r0 26.004725 78.312067
2020-04-08T15:34:46 wx/7,1026,74,7.22,226
2020-04-08T15:34:46 203 s0 25.898968 78.325843
2020-04-08T15:35:03 203 s1 25.788338 78.345724
2020-04-08T15:35:20 203 r1 25.682576 78.364166
2020-04-08T15:35:37 203 r0 25.575348 78.382762
2020-04-08T15:35:54 wx/7,1026,74,7.22,226
2020-04-08T15:35:54 204 s0 25.465324 78.396666
2020-04-08T15:36:11 204 s1 25.359325 78.411265
2020-04-08T15:36:28 204 r1 25.249683 78.430781
2020-04-08T15:36:45 204 r0 25.144190 78.445776
2020-04-08T15:37:01 wx/7,1026,74,7.22,226
2020-04-08T15:37:01 205 s0 25.035066 78.461405
2020-04-08T15:37:18 205 s1 24.931666 78.477365
2020-04-08T15:37:35 205 r1 24.820270 78.492491
2020-04-08T15:37:51 205 r0 24.716537 78.506983
2020-04-08T15:38:08 wx/7,1026,74,7.22,226
2020-04-08T15:38:08 206 s0 24.605752 78.524099
2020-04-08T15:38:24 206 s1 24.496703 78.539163
2020-04-08T15:38:42 206 r1 24.382814 78.555769
2020-04-08T15:38:59 206 r0 24.269050 78.570272
2020-04-08T15:39:15 wx/7,1026,74,7.22,226
2020-04-08T15:39:16 207 s0 24.159514 78.587854
2020-04-08T15:39:32 207 s1 24.047997 78.602335
2020-04-08T15:39:50 207 r1 23.933206 78.618175
2020-04-08T15:40:06 207 r0 23.824991 78.632701
2020-04-08T15:40:23 wx/7,1026,74,7.22,226
2020-04-08T15:40:23 208 s0 23.706903 78.648681
2020-04-08T15:40:40 208 s1 23.592055 78.664397
2020-04-08T15:40:58 208 r1 23.474864 78.679614
2020-04-08T15:41:14 208 r0 23.362441 78.694908
2020-04-08T15:41:32 wx/7,1026,74,7.22,226
2020-04-08T15:41:32 209 s0 23.245414 78.710353
2020-04-08T15:41:48 209 s1 23.130680 78.725954
2020-04-08T15:42:05 209 r1 23.014173 78.740825
2020-04-08T15:42:23 209 r0 22.896045 78.756686
2020-04-08T15:42:40 wx/7,1026,74,7.22,226
2020-04-08T15:42:40 210 s0 22.778906 78.770568
2020-04-08T15:42:57 210 s1 22.661244 78.784912
2020-04-08T15:43:13 210 r1 22.544475 78.800674
2020-04-08T15:43:30 210 r0 22.428301 78.814928
2020-04-08T15:43:47 wx/7,1026,74,7.22,226
2020-04-08T15:43:47 211 s0 22.311895 78.828466
2020-04-08T15:44:04 211 s1 22.191012 78.842048
2020-04-08T15:44:21 211 r1 22.070122 78.859477
2020-04-08T15:44:38 211 r0 21.951691 78.870171
2020-04-08T15:44:55 wx/7,1026,74,7.22,226
2020-04-08T15:44:55 212 s0 21.829586 78.887565
2020-04-08T15:45:12 212 s1 21.708730 78.901962
2020-04-08T15:45:29 212 r1 21.586449 78.914343
2020-04-08T15:45:47 212 r0 21.462469 78.929522
2020-04-08T15:46:04 wx/7,1026,74,7.22,226
2020-04-08T15:46:04 213 s0 21.340242 78.942909
2020-04-08T15:46:21 213 s1 21.216393 78.957330
2020-04-08T15:46:38 213 r1 21.093340 78.970316
2020-04-08T15:46:55 213 r0 20.972167 78.983011
2020-04-08T15:47:12 wx/7,1026,74,7.22,226
2020-04-08T15:47:12 214 s0 20.847375 78.999819
2020-04-08T15:47:29 214 s1 20.722112 79.010504
2020-04-08T15:47:46 214 r1 20.596025 79.028214
2020-04-08T15:48:03 214 r0 20.473958 79.039071
2020-04-08T15:48:20 wx/7,1026,74,7.22,226
2020-04-08T15:48:20 215 s0 20.350561 79.050886
2020-04-08T15:48:36 215 s1 20.230494 79.065514
2020-04-08T15:48:53 215 r1 20.103794 79.072358
2020-04-08T15:49:10 215 r0 19.978093 79.090740
2020-04-08T15:49:27 wx/7,1026,74,7.22,226
2020-04-08T15:49:27 216 s0 19.848062 79.103379
2020-04-08T15:49:44 216 s1 19.726195 79.114389
2020-04-08T15:50:01 216 r1 19.597848 79.130134
2020-04-08T15:50:18 216 r0 19.469489 79.145371
2020-04-08T15:50:35 wx/7,1026,74,7.22,226
2020-04-08T15:50:35 217 s0 19.341621 79.157390
2020-04-08T15:50:52 217 s1 19.216180 79.166342
2020-04-08T15:51:09 217 r1 19.083108 79.181713
2020-04-08T15:51:26 217 r0 18.954971 79.190688
2020-04-08T15:51:43 wx/7,1026,74,7.22,226
2020-04-08T15:51:43 218 s0 18.825940 79.206239
2020-04-08T15:52:00 218 s1 18.695593 79.218777
2020-04-08T15:52:17 218 r1 18.566718 79.232094
2020-04-08T15:52:34 218 r0 18.439527 79.242626
2020-04-08T15:52:50 wx/7,1026,74,7.22,226
2020-04-08T15:52:50 219 s0 18.312730 79.253647
2020-04-08T15:53:07 219 s1 18.185639 79.265581
2020-04-08T15:53:23 219 r1 18.058625 79.278202
2020-04-08T15:53:39 219 r0 17.930270 79.288900
2020-04-08T15:53:56 wx/7,1026,74,7.22,226
2020-04-08T15:53:56 220 s0 17.799447 79.301495
2020-04-08T15:54:13 220 s1 17.669049 79.313125
2020-04-08T15:54:30 220 r1 17.535668 79.321371
2020-04-08T15:54:47 220 r0 17.398589 79.335291
2020-04-08T15:55:04 wx/7,1026,74,7.22,226
2020-04-08T15:55:04 221 s0 17.267975 79.347699
2020-04-08T15:55:21 221 s1 17.133628 79.357263
2020-04-08T15:55:38 221 r1 17.002879 79.366051
2020-04-08T15:55:55 221 r0 16.867993 79.382554
2020-04-08T15:56:11 wx/7,1026,74,7.22,226
2020-04-08T15:56:11 222 s0 16.735714 79.391176
2020-04-08T15:56:28 222 s1 16.601374 79.403418
2020-04-08T15:56:45 222 r1 16.466603 79.413632
2020-04-08T15:57:02 222 r0 16.330705 79.420311
2020-04-08T15:57:18 wx/7,1026,74,7.22,226
2020-04-08T15:57:18 223 s0 16.197964 79.434343
2020-04-08T15:57:35 223 s1 16.060944 79.445727
2020-04-08T15:57:52 223 r1 15.922934 79.459018
2020-04-08T15:58:09 223 r0 15.785428 79.466833
2020-04-08T15:58:26 wx/7,1026,74,7.22,226
2020-04-08T15:58:26 224 s0 15.653260 79.474664
2020-04-08T15:58:43 224 s1 15.515724 79.486956
2020-04-08T15:59:00 224 r1 15.375132 79.495905
2020-04-08T15:59:16 224 r0 15.238529 79.507545
2020-04-08T15:59:33 wx/7,1026,74,7.22,226
2020-04-08T15:59:33 225 s0 15.101058 79.514701
2020-04-08T15:59:51 225 s1 14.958267 79.529058
2020-04-08T16:00:08 225 r1 14.817974 79.537036
2020-04-08T16:00:25 225 r0 14.678180 79.545916
2020-04-08T16:00:42 wx/7,1026,74,7.22,226
2020-04-08T16:00:42 226 s0 14.539008 79.555387
2020-04-08T16:00:59 226 s1 14.396539 79.567169
2020-04-08T16:01:16 226 r1 14.256875 79.575126
2020-04-08T16:01:32 226 r0 14.120651 79.586145
2020-04-08T16:01:49 wx/7,1026,74,7.22,226
2020-04-08T16:01:49 227 s0 13.979978 79.593885
2020-04-08T16:02:06 227 s1 13.835135 79.601424
2020-04-08T16:02:23 227 r1 13.694638 79.614880
2020-04-08T16:02:39 227 r0 13.558522 79.623066
2020-04-08T16:02:56 wx/7,1026,74,7.22,226
2020-04-08T16:02:56 228 s0 13.415023 79.629717
2020-04-08T16:03:12 228 s1 13.280163 79.638769
2020-04-08T16:03:28 228 r1 13.145671 79.646343
2020-04-08T16:03:45 228 r0 13.001157 79.653485
2020-04-08T16:04:02 wx/7,1026,74,7.22,226
2020-04-08T16:04:02 229 s0 12.857000 79.662733
2020-04-08T16:04:19 229 s1 12.713213 79.671534
2020-04-08T16:04:36 229 r1 12.568306 79.676907
2020-04-08T16:04:53 229 r0 12.424541 79.689550
2020-04-08T16:05:10 wx/7,1026,75,7.22,223
2020-04-08T16:05:10 230 s0 12.277759 79.697188
2020-04-08T16:05:27 230 s1 12.132419 79.706147
2020-04-08T16:05:44 230 r1 11.986409 79.713176
2020-04-08T16:06:01 230 r0 11.841428 79.721103
2020-04-08T16:06:18 wx/7,1026,75,7.22,223
2020-04-08T16:06:18 231 s0 11.695694 79.727244
2020-04-08T16:06:35 231 s1 11.547216 79.736743
2020-04-08T16:06:52 231 r1 11.401570 79.744131
2020-04-08T16:07:09 231 r0 11.254149 79.752213
2020-04-08T16:07:26 wx/7,1026,75,7.22,223
2020-04-08T16:07:26 232 s0 11.107553 79.759696
2020-04-08T16:07:43 232 s1 10.956037 79.767398
2020-04-08T16:08:00 232 r1 10.807548 79.773057
2020-04-08T16:08:17 232 r0 10.662938 79.781257
2020-04-08T16:08:34 wx/7,1026,75,7.22,223
2020-04-08T16:08:34 233 s0 10.510648 79.786441
2020-04-08T16:08:51 233 s1 10.360950 79.795404
2020-04-08T16:09:08 233 r1 10.215072 79.802029
2020-04-08T16:09:25 233 r0 10.066113 79.808279
2020-04-08T16:09:42 wx/7,1026,75,7.22,223
2020-04-08T16:09:42 234 s0 9.913031 79.815120
2020-04-08T16:09:59 234 s1 9.771836 79.821824
2020-04-08T16:10:15 234 r1 9.624415 79.828209
2020-04-08T16:10:32 234 r0 9.475472 79.833640
2020-04-08T16:10:49 wx/7,1026,75,7.22,223
2020-04-08T16:10:49 235 s0 9.322012 79.840762
2020-04-08T16:11:07 235 s1 9.167527 79.847192
2020-04-08T16:11:24 235 r1 9.018843 79.853623
2020-04-08T16:11:41 235 r0 8.863747 79.858905
2020-04-08T16:11:58 wx/7,1026,75,7.22,223
2020-04-08T16:11:58 236 s0 8.708598 79.865292
2020-04-08T16:12:14 236 s1 8.566116 79.870553
2020-04-08T16:12:32 236 r1 8.414912 79.875873
2020-04-08T16:12:49 236 r0 8.260658 79.882149
2020-04-08T16:13:05 wx/7,1026,75,7.22,223
2020-04-08T16:13:05 237 s0 8.111270 79.887248
2020-04-08T16:13:22 237 s1 7.963427 79.892135
2020-04-08T16:13:39 237 r1 7.813339 79.897087
2020-04-08T16:13:56 237 r0 7.662785 79.902467
2020-04-08T16:14:13 wx/7,1026,75,7.22,223
2020-04-08T16:14:13 238 s0 7.505917 79.907866
2020-04-08T16:14:30 238 s1 7.351234 79.913684
2020-04-08T16:14:47 238 r1 7.199610 79.918776
2020-04-08T16:15:04 238 r0 7.042598 79.922666
2020-04-08T16:15:21 wx/7,1026,75,7.22,223
2020-04-08T16:15:21 239 s0 6.890403 79.927193
2020-04-08T16:15:38 239 s1 6.736885 79.931800
2020-04-08T16:15:55 239 r1 6.583125 79.936169
2020-04-08T16:16:12 239 r0 6.429230 79.941802
2020-04-08T16:16:28 wx/7,1026,75,7.22,223
2020-04-08T16:16:28 240 s0 6.280252 79.945182
2020-04-08T16:16:45 240 s1 6.128296 79.950365
2020-04-08T16:17:02 240 r1 5.973015 79.953113
2020-04-08T16:17:19 240 r0 5.823842 79.957033
